Testsuite: bounty_note_test1.MainActivityTest
Tests run: 1, Failures: 0, Errors: 1, Time elapsed: 0.1 sec

Testcase: initializationError took 0.003 sec
	Caused an ERROR
Type [unknown] not present
java.lang.TypeNotPresentException: Type [unknown] not present
	at $Proxy4.value(Unknown Source)
	at java.lang.reflect.Constructor.newInstance(Constructor.java:525)
Caused by: java.lang.NoClassDefFoundError: com/xtremelabs/robolectric/RobolectricTestRunner
	at java.lang.ClassLoader.defineClass1(Native Method)
	at java.lang.ClassLoader.defineClass(ClassLoader.java:791)
	at java.security.SecureClassLoader.defineClass(SecureClassLoader.java:142)
	at java.net.URLClassLoader.defineClass(URLClassLoader.java:449)
	at java.net.URLClassLoader.access$100(URLClassLoader.java:71)
	at java.net.URLClassLoader$1.run(URLClassLoader.java:361)
	at java.net.URLClassLoader$1.run(URLClassLoader.java:355)
	at java.security.AccessController.doPrivileged(Native Method)
	at java.net.URLClassLoader.findClass(URLClassLoader.java:354)
	at java.lang.ClassLoader.loadClass(ClassLoader.java:423)
	at sun.misc.Launcher$AppClassLoader.loadClass(Launcher.java:308)
	at java.lang.ClassLoader.loadClass(ClassLoader.java:356)
	at java.lang.Class.forName0(Native Method)
	at java.lang.Class.forName(Class.java:264)
	at java.lang.Class.initAnnotationsIfNecessary(Class.java:3089)
	at java.lang.Class.getAnnotation(Class.java:3048)
Caused by: java.lang.ClassNotFoundException: com.xtremelabs.robolectric.RobolectricTestRunner
	at java.net.URLClassLoader$1.run(URLClassLoader.java:366)
	at java.net.URLClassLoader$1.run(URLClassLoader.java:355)
	at java.security.AccessController.doPrivileged(Native Method)
	at java.net.URLClassLoader.findClass(URLClassLoader.java:354)
	at java.lang.ClassLoader.loadClass(ClassLoader.java:423)
	at sun.misc.Launcher$AppClassLoader.loadClass(Launcher.java:308)
	at java.lang.ClassLoader.loadClass(ClassLoader.java:356)

